2025/06/08 14:52:29 [notice] 1#1: using the "epoll" event method
2025/06/08 14:52:29 [notice] 1#1: nginx/1.27.5
2025/06/08 14:52:29 [notice] 1#1: built by gcc 14.2.0 (Alpine 14.2.0) 
2025/06/08 14:52:29 [notice] 1#1: OS: Linux 6.6.26-linuxkit
2025/06/08 14:52:29 [notice] 1#1: getrlimit(RLIMIT_NOFILE): 1048576:1048576
2025/06/08 14:52:29 [notice] 1#1: start worker processes
2025/06/08 14:52:29 [notice] 1#1: start worker process 29
2025/06/08 14:52:29 [notice] 1#1: start worker process 30
2025/06/08 14:52:29 [notice] 1#1: start worker process 31
2025/06/08 14:52:29 [notice] 1#1: start worker process 32
2025/06/08 14:52:29 [notice] 1#1: start worker process 33
2025/06/08 14:52:29 [notice] 1#1: start worker process 34
2025/06/08 14:52:29 [notice] 1#1: start worker process 35
2025/06/08 14:52:29 [notice] 1#1: start worker process 36
2025/06/08 15:02:09 [notice] 1#1: signal 3 (SIGQUIT) received, shutting down
2025/06/08 15:02:09 [notice] 30#30: gracefully shutting down
2025/06/08 15:02:09 [notice] 29#29: gracefully shutting down
2025/06/08 15:02:09 [notice] 34#34: gracefully shutting down
2025/06/08 15:02:09 [notice] 35#35: gracefully shutting down
2025/06/08 15:02:09 [notice] 31#31: gracefully shutting down
2025/06/08 15:02:09 [notice] 29#29: exiting
2025/06/08 15:02:09 [notice] 33#33: gracefully shutting down
2025/06/08 15:02:09 [notice] 36#36: gracefully shutting down
2025/06/08 15:02:09 [notice] 32#32: gracefully shutting down
2025/06/08 15:02:09 [notice] 34#34: exiting
2025/06/08 15:02:09 [notice] 33#33: exiting
2025/06/08 15:02:09 [notice] 35#35: exiting
2025/06/08 15:02:09 [notice] 30#30: exiting
2025/06/08 15:02:09 [notice] 31#31: exiting
2025/06/08 15:02:09 [notice] 30#30: exit
2025/06/08 15:02:09 [notice] 29#29: exit
2025/06/08 15:02:09 [notice] 32#32: exiting
2025/06/08 15:02:09 [notice] 36#36: exiting
2025/06/08 15:02:09 [notice] 32#32: exit
2025/06/08 15:02:09 [notice] 34#34: exit
2025/06/08 15:02:09 [notice] 33#33: exit
2025/06/08 15:02:09 [notice] 35#35: exit
2025/06/08 15:02:09 [notice] 31#31: exit
2025/06/08 15:02:09 [notice] 36#36: exit
2025/06/08 15:02:09 [notice] 1#1: signal 17 (SIGCHLD) received from 34
2025/06/08 15:02:09 [notice] 1#1: worker process 29 exited with code 0
2025/06/08 15:02:09 [notice] 1#1: worker process 30 exited with code 0
2025/06/08 15:02:09 [notice] 1#1: worker process 31 exited with code 0
2025/06/08 15:02:09 [notice] 1#1: worker process 32 exited with code 0
2025/06/08 15:02:09 [notice] 1#1: worker process 33 exited with code 0
2025/06/08 15:02:09 [notice] 1#1: worker process 34 exited with code 0
2025/06/08 15:02:09 [notice] 1#1: worker process 35 exited with code 0
2025/06/08 15:02:09 [notice] 1#1: worker process 36 exited with code 0
2025/06/08 15:02:09 [notice] 1#1: exit
2025/06/08 15:56:12 [notice] 1#1: using the "epoll" event method
2025/06/08 15:56:12 [notice] 1#1: nginx/1.27.5
2025/06/08 15:56:12 [notice] 1#1: built by gcc 14.2.0 (Alpine 14.2.0) 
2025/06/08 15:56:12 [notice] 1#1: OS: Linux 6.6.26-linuxkit
2025/06/08 15:56:12 [notice] 1#1: getrlimit(RLIMIT_NOFILE): 1048576:1048576
2025/06/08 15:56:12 [notice] 1#1: start worker processes
2025/06/08 15:56:12 [notice] 1#1: start worker process 29
2025/06/08 15:56:12 [notice] 1#1: start worker process 30
2025/06/08 15:56:12 [notice] 1#1: start worker process 31
2025/06/08 15:56:12 [notice] 1#1: start worker process 32
2025/06/08 15:56:12 [notice] 1#1: start worker process 33
2025/06/08 15:56:12 [notice] 1#1: start worker process 34
2025/06/08 15:56:12 [notice] 1#1: start worker process 35
2025/06/08 15:56:12 [notice] 1#1: start worker process 36
2025/06/08 16:02:23 [notice] 1#1: signal 3 (SIGQUIT) received, shutting down
2025/06/08 16:02:23 [notice] 30#30: gracefully shutting down
2025/06/08 16:02:23 [notice] 32#32: gracefully shutting down
2025/06/08 16:02:23 [notice] 32#32: exiting
2025/06/08 16:02:23 [notice] 29#29: gracefully shutting down
2025/06/08 16:02:23 [notice] 33#33: gracefully shutting down
2025/06/08 16:02:23 [notice] 33#33: exiting
2025/06/08 16:02:23 [notice] 31#31: gracefully shutting down
2025/06/08 16:02:23 [notice] 30#30: exiting
2025/06/08 16:02:23 [notice] 35#35: gracefully shutting down
2025/06/08 16:02:23 [notice] 36#36: gracefully shutting down
2025/06/08 16:02:23 [notice] 34#34: gracefully shutting down
2025/06/08 16:02:23 [notice] 29#29: exiting
2025/06/08 16:02:23 [notice] 31#31: exiting
2025/06/08 16:02:23 [notice] 29#29: exit
2025/06/08 16:02:23 [notice] 33#33: exit
2025/06/08 16:02:23 [notice] 32#32: exit
2025/06/08 16:02:23 [notice] 30#30: exit
2025/06/08 16:02:23 [notice] 35#35: exiting
2025/06/08 16:02:23 [notice] 35#35: exit
2025/06/08 16:02:23 [notice] 36#36: exiting
2025/06/08 16:02:23 [notice] 36#36: exit
2025/06/08 16:02:23 [notice] 34#34: exiting
2025/06/08 16:02:23 [notice] 31#31: exit
2025/06/08 16:02:23 [notice] 34#34: exit
2025/06/08 16:02:23 [notice] 1#1: signal 17 (SIGCHLD) received from 36
2025/06/08 16:02:23 [notice] 1#1: worker process 30 exited with code 0
2025/06/08 16:02:23 [notice] 1#1: worker process 35 exited with code 0
2025/06/08 16:02:23 [notice] 1#1: worker process 36 exited with code 0
2025/06/08 16:02:23 [notice] 1#1: signal 29 (SIGIO) received
2025/06/08 16:02:23 [notice] 1#1: signal 17 (SIGCHLD) received from 35
2025/06/08 16:02:23 [notice] 1#1: worker process 34 exited with code 0
2025/06/08 16:02:23 [notice] 1#1: worker process 29 exited with code 0
2025/06/08 16:02:23 [notice] 1#1: worker process 31 exited with code 0
2025/06/08 16:02:23 [notice] 1#1: worker process 32 exited with code 0
2025/06/08 16:02:23 [notice] 1#1: worker process 33 exited with code 0
2025/06/08 16:02:23 [notice] 1#1: exit
2025/06/08 16:02:31 [notice] 1#1: using the "epoll" event method
2025/06/08 16:02:31 [notice] 1#1: nginx/1.27.5
2025/06/08 16:02:31 [notice] 1#1: built by gcc 14.2.0 (Alpine 14.2.0) 
2025/06/08 16:02:31 [notice] 1#1: OS: Linux 6.6.26-linuxkit
2025/06/08 16:02:31 [notice] 1#1: getrlimit(RLIMIT_NOFILE): 1048576:1048576
2025/06/08 16:02:31 [notice] 1#1: start worker processes
2025/06/08 16:02:31 [notice] 1#1: start worker process 29
2025/06/08 16:02:31 [notice] 1#1: start worker process 30
2025/06/08 16:02:31 [notice] 1#1: start worker process 31
2025/06/08 16:02:31 [notice] 1#1: start worker process 32
2025/06/08 16:02:31 [notice] 1#1: start worker process 33
2025/06/08 16:02:31 [notice] 1#1: start worker process 34
2025/06/08 16:02:31 [notice] 1#1: start worker process 35
2025/06/08 16:02:31 [notice] 1#1: start worker process 36
2025/06/08 17:03:39 [notice] 1#1: signal 3 (SIGQUIT) received, shutting down
2025/06/08 17:03:39 [notice] 29#29: gracefully shutting down
2025/06/08 17:03:39 [notice] 31#31: gracefully shutting down
2025/06/08 17:03:39 [notice] 36#36: gracefully shutting down
2025/06/08 17:03:39 [notice] 35#35: gracefully shutting down
2025/06/08 17:03:39 [notice] 30#30: gracefully shutting down
2025/06/08 17:03:39 [notice] 31#31: exiting
2025/06/08 17:03:39 [notice] 34#34: gracefully shutting down
2025/06/08 17:03:39 [notice] 33#33: gracefully shutting down
2025/06/08 17:03:39 [notice] 32#32: gracefully shutting down
2025/06/08 17:03:39 [notice] 29#29: exiting
2025/06/08 17:03:39 [notice] 36#36: exiting
2025/06/08 17:03:39 [notice] 35#35: exiting
2025/06/08 17:03:39 [notice] 36#36: exit
2025/06/08 17:03:39 [notice] 31#31: exit
2025/06/08 17:03:39 [notice] 29#29: exit
2025/06/08 17:03:39 [notice] 35#35: exit
2025/06/08 17:03:39 [notice] 30#30: exiting
2025/06/08 17:03:39 [notice] 34#34: exiting
2025/06/08 17:03:39 [notice] 32#32: exiting
2025/06/08 17:03:39 [notice] 30#30: exit
2025/06/08 17:03:39 [notice] 32#32: exit
2025/06/08 17:03:39 [notice] 34#34: exit
2025/06/08 17:03:39 [notice] 33#33: exiting
2025/06/08 17:03:39 [notice] 33#33: exit
2025/06/08 17:03:39 [notice] 1#1: signal 17 (SIGCHLD) received from 32
2025/06/08 17:03:39 [notice] 1#1: worker process 30 exited with code 0
2025/06/08 17:03:39 [notice] 1#1: worker process 32 exited with code 0
2025/06/08 17:03:39 [notice] 1#1: worker process 33 exited with code 0
2025/06/08 17:03:39 [notice] 1#1: worker process 34 exited with code 0
2025/06/08 17:03:39 [notice] 1#1: worker process 35 exited with code 0
2025/06/08 17:03:39 [notice] 1#1: signal 29 (SIGIO) received
2025/06/08 17:03:39 [notice] 1#1: signal 17 (SIGCHLD) received from 30
2025/06/08 17:03:39 [notice] 1#1: worker process 31 exited with code 0
2025/06/08 17:03:39 [notice] 1#1: signal 29 (SIGIO) received
2025/06/08 17:03:39 [notice] 1#1: signal 17 (SIGCHLD) received from 36
2025/06/08 17:03:39 [notice] 1#1: worker process 29 exited with code 0
2025/06/08 17:03:39 [notice] 1#1: worker process 36 exited with code 0
2025/06/08 17:03:39 [notice] 1#1: exit
2025/06/08 17:15:03 [notice] 1#1: using the "epoll" event method
2025/06/08 17:15:03 [notice] 1#1: nginx/1.27.5
2025/06/08 17:15:03 [notice] 1#1: built by gcc 14.2.0 (Alpine 14.2.0) 
2025/06/08 17:15:03 [notice] 1#1: OS: Linux 6.6.26-linuxkit
2025/06/08 17:15:03 [notice] 1#1: getrlimit(RLIMIT_NOFILE): 1048576:1048576
2025/06/08 17:15:03 [notice] 1#1: start worker processes
2025/06/08 17:15:03 [notice] 1#1: start worker process 28
2025/06/08 17:15:03 [notice] 1#1: start worker process 29
2025/06/08 17:15:03 [notice] 1#1: start worker process 30
2025/06/08 17:15:03 [notice] 1#1: start worker process 31
2025/06/08 17:15:03 [notice] 1#1: start worker process 32
2025/06/08 17:15:03 [notice] 1#1: start worker process 33
2025/06/08 17:15:03 [notice] 1#1: start worker process 34
2025/06/08 17:15:03 [notice] 1#1: start worker process 35
2025/06/08 17:36:04 [notice] 1#1: signal 3 (SIGQUIT) received, shutting down
2025/06/08 17:36:04 [notice] 28#28: gracefully shutting down
2025/06/08 17:36:04 [notice] 29#29: gracefully shutting down
2025/06/08 17:36:04 [notice] 34#34: gracefully shutting down
2025/06/08 17:36:04 [notice] 33#33: gracefully shutting down
2025/06/08 17:36:04 [notice] 30#30: gracefully shutting down
2025/06/08 17:36:04 [notice] 30#30: exiting
2025/06/08 17:36:04 [notice] 35#35: gracefully shutting down
2025/06/08 17:36:04 [notice] 31#31: gracefully shutting down
2025/06/08 17:36:04 [notice] 28#28: exiting
2025/06/08 17:36:04 [notice] 34#34: exiting
2025/06/08 17:36:04 [notice] 29#29: exiting
2025/06/08 17:36:04 [notice] 33#33: exiting
2025/06/08 17:36:04 [notice] 32#32: gracefully shutting down
2025/06/08 17:36:04 [notice] 35#35: exiting
2025/06/08 17:36:04 [notice] 31#31: exiting
2025/06/08 17:36:04 [notice] 34#34: exit
2025/06/08 17:36:04 [notice] 28#28: exit
2025/06/08 17:36:04 [notice] 30#30: exit
2025/06/08 17:36:04 [notice] 29#29: exit
2025/06/08 17:36:04 [notice] 33#33: exit
2025/06/08 17:36:04 [notice] 35#35: exit
2025/06/08 17:36:04 [notice] 31#31: exit
2025/06/08 17:36:04 [notice] 32#32: exiting
2025/06/08 17:36:04 [notice] 32#32: exit
2025/06/08 17:36:04 [notice] 1#1: signal 17 (SIGCHLD) received from 34
2025/06/08 17:36:04 [notice] 1#1: worker process 29 exited with code 0
2025/06/08 17:36:04 [notice] 1#1: worker process 34 exited with code 0
2025/06/08 17:36:04 [notice] 1#1: worker process 31 exited with code 0
2025/06/08 17:36:04 [notice] 1#1: worker process 30 exited with code 0
2025/06/08 17:36:04 [notice] 1#1: worker process 28 exited with code 0
2025/06/08 17:36:04 [notice] 1#1: worker process 32 exited with code 0
2025/06/08 17:36:04 [notice] 1#1: worker process 33 exited with code 0
2025/06/08 17:36:04 [notice] 1#1: worker process 35 exited with code 0
2025/06/08 17:36:04 [notice] 1#1: exit
2025/06/08 17:36:14 [notice] 1#1: using the "epoll" event method
2025/06/08 17:36:14 [notice] 1#1: nginx/1.27.5
2025/06/08 17:36:14 [notice] 1#1: built by gcc 14.2.0 (Alpine 14.2.0) 
2025/06/08 17:36:14 [notice] 1#1: OS: Linux 6.6.26-linuxkit
2025/06/08 17:36:14 [notice] 1#1: getrlimit(RLIMIT_NOFILE): 1048576:1048576
2025/06/08 17:36:14 [notice] 1#1: start worker processes
2025/06/08 17:36:14 [notice] 1#1: start worker process 29
2025/06/08 17:36:14 [notice] 1#1: start worker process 30
2025/06/08 17:36:14 [notice] 1#1: start worker process 31
2025/06/08 17:36:14 [notice] 1#1: start worker process 32
2025/06/08 17:36:14 [notice] 1#1: start worker process 33
2025/06/08 17:36:14 [notice] 1#1: start worker process 34
2025/06/08 17:36:14 [notice] 1#1: start worker process 35
2025/06/08 17:36:14 [notice] 1#1: start worker process 36
2025/06/08 17:38:01 [notice] 1#1: signal 3 (SIGQUIT) received, shutting down
2025/06/08 17:38:01 [notice] 29#29: gracefully shutting down
2025/06/08 17:38:01 [notice] 36#36: gracefully shutting down
2025/06/08 17:38:01 [notice] 31#31: gracefully shutting down
2025/06/08 17:38:01 [notice] 30#30: gracefully shutting down
2025/06/08 17:38:01 [notice] 34#34: gracefully shutting down
2025/06/08 17:38:01 [notice] 32#32: gracefully shutting down
2025/06/08 17:38:01 [notice] 35#35: gracefully shutting down
2025/06/08 17:38:01 [notice] 33#33: gracefully shutting down
2025/06/08 17:38:01 [notice] 29#29: exiting
2025/06/08 17:38:01 [notice] 36#36: exiting
2025/06/08 17:38:01 [notice] 31#31: exiting
2025/06/08 17:38:01 [notice] 34#34: exiting
2025/06/08 17:38:01 [notice] 30#30: exiting
2025/06/08 17:38:01 [notice] 32#32: exiting
2025/06/08 17:38:01 [notice] 35#35: exiting
2025/06/08 17:38:01 [notice] 33#33: exiting
2025/06/08 17:38:01 [notice] 29#29: exit
2025/06/08 17:38:01 [notice] 36#36: exit
2025/06/08 17:38:01 [notice] 31#31: exit
2025/06/08 17:38:01 [notice] 30#30: exit
2025/06/08 17:38:01 [notice] 34#34: exit
2025/06/08 17:38:01 [notice] 32#32: exit
2025/06/08 17:38:01 [notice] 35#35: exit
2025/06/08 17:38:01 [notice] 33#33: exit
2025/06/08 17:38:01 [notice] 1#1: signal 17 (SIGCHLD) received from 30
2025/06/08 17:38:01 [notice] 1#1: worker process 29 exited with code 0
2025/06/08 17:38:01 [notice] 1#1: worker process 30 exited with code 0
2025/06/08 17:38:01 [notice] 1#1: worker process 31 exited with code 0
2025/06/08 17:38:01 [notice] 1#1: worker process 32 exited with code 0
2025/06/08 17:38:01 [notice] 1#1: worker process 33 exited with code 0
2025/06/08 17:38:01 [notice] 1#1: worker process 34 exited with code 0
2025/06/08 17:38:01 [notice] 1#1: worker process 36 exited with code 0
2025/06/08 17:38:01 [notice] 1#1: signal 29 (SIGIO) received
2025/06/08 17:38:01 [notice] 1#1: signal 17 (SIGCHLD) received from 33
2025/06/08 17:38:01 [notice] 1#1: signal 17 (SIGCHLD) received from 35
2025/06/08 17:38:01 [notice] 1#1: worker process 35 exited with code 0
2025/06/08 17:38:01 [notice] 1#1: exit
2025/06/08 17:38:12 [notice] 1#1: using the "epoll" event method
2025/06/08 17:38:12 [notice] 1#1: nginx/1.27.5
2025/06/08 17:38:12 [notice] 1#1: built by gcc 14.2.0 (Alpine 14.2.0) 
2025/06/08 17:38:12 [notice] 1#1: OS: Linux 6.6.26-linuxkit
2025/06/08 17:38:12 [notice] 1#1: getrlimit(RLIMIT_NOFILE): 1048576:1048576
2025/06/08 17:38:12 [notice] 1#1: start worker processes
2025/06/08 17:38:12 [notice] 1#1: start worker process 29
2025/06/08 17:38:12 [notice] 1#1: start worker process 30
2025/06/08 17:38:12 [notice] 1#1: start worker process 31
2025/06/08 17:38:12 [notice] 1#1: start worker process 32
2025/06/08 17:38:12 [notice] 1#1: start worker process 33
2025/06/08 17:38:12 [notice] 1#1: start worker process 34
2025/06/08 17:38:12 [notice] 1#1: start worker process 35
2025/06/08 17:38:12 [notice] 1#1: start worker process 36
2025/06/08 17:48:20 [notice] 1#1: signal 3 (SIGQUIT) received, shutting down
2025/06/08 17:48:20 [notice] 30#30: gracefully shutting down
2025/06/08 17:48:20 [notice] 31#31: gracefully shutting down
2025/06/08 17:48:20 [notice] 34#34: gracefully shutting down
2025/06/08 17:48:20 [notice] 32#32: gracefully shutting down
2025/06/08 17:48:20 [notice] 36#36: gracefully shutting down
2025/06/08 17:48:20 [notice] 33#33: gracefully shutting down
2025/06/08 17:48:20 [notice] 34#34: exiting
2025/06/08 17:48:20 [notice] 29#29: gracefully shutting down
2025/06/08 17:48:20 [notice] 36#36: exiting
2025/06/08 17:48:20 [notice] 35#35: gracefully shutting down
2025/06/08 17:48:20 [notice] 30#30: exiting
2025/06/08 17:48:20 [notice] 31#31: exiting
2025/06/08 17:48:20 [notice] 32#32: exiting
2025/06/08 17:48:20 [notice] 34#34: exit
2025/06/08 17:48:20 [notice] 36#36: exit
2025/06/08 17:48:20 [notice] 31#31: exit
2025/06/08 17:48:20 [notice] 30#30: exit
2025/06/08 17:48:20 [notice] 33#33: exiting
2025/06/08 17:48:20 [notice] 32#32: exit
2025/06/08 17:48:20 [notice] 35#35: exiting
2025/06/08 17:48:20 [notice] 35#35: exit
2025/06/08 17:48:20 [notice] 29#29: exiting
2025/06/08 17:48:20 [notice] 33#33: exit
2025/06/08 17:48:20 [notice] 29#29: exit
2025/06/08 17:48:20 [notice] 1#1: signal 17 (SIGCHLD) received from 36
2025/06/08 17:48:20 [notice] 1#1: worker process 36 exited with code 0
2025/06/08 17:48:20 [notice] 1#1: signal 29 (SIGIO) received
2025/06/08 17:48:20 [notice] 1#1: signal 17 (SIGCHLD) received from 35
2025/06/08 17:48:20 [notice] 1#1: worker process 29 exited with code 0
2025/06/08 17:48:20 [notice] 1#1: worker process 30 exited with code 0
2025/06/08 17:48:20 [notice] 1#1: worker process 32 exited with code 0
2025/06/08 17:48:20 [notice] 1#1: worker process 33 exited with code 0
2025/06/08 17:48:20 [notice] 1#1: worker process 31 exited with code 0
2025/06/08 17:48:20 [notice] 1#1: worker process 34 exited with code 0
2025/06/08 17:48:20 [notice] 1#1: worker process 35 exited with code 0
2025/06/08 17:48:20 [notice] 1#1: exit
2025/06/08 17:48:27 [notice] 1#1: using the "epoll" event method
2025/06/08 17:48:27 [notice] 1#1: nginx/1.27.5
2025/06/08 17:48:27 [notice] 1#1: built by gcc 14.2.0 (Alpine 14.2.0) 
2025/06/08 17:48:27 [notice] 1#1: OS: Linux 6.6.26-linuxkit
2025/06/08 17:48:27 [notice] 1#1: getrlimit(RLIMIT_NOFILE): 1048576:1048576
2025/06/08 17:48:27 [notice] 1#1: start worker processes
2025/06/08 17:48:27 [notice] 1#1: start worker process 29
2025/06/08 17:48:27 [notice] 1#1: start worker process 30
2025/06/08 17:48:27 [notice] 1#1: start worker process 31
2025/06/08 17:48:27 [notice] 1#1: start worker process 32
2025/06/08 17:48:27 [notice] 1#1: start worker process 33
2025/06/08 17:48:27 [notice] 1#1: start worker process 34
2025/06/08 17:48:27 [notice] 1#1: start worker process 35
2025/06/08 17:48:27 [notice] 1#1: start worker process 36
2025/06/08 17:48:57 [notice] 1#1: signal 3 (SIGQUIT) received, shutting down
2025/06/08 17:48:57 [notice] 31#31: gracefully shutting down
2025/06/08 17:48:57 [notice] 32#32: gracefully shutting down
2025/06/08 17:48:57 [notice] 30#30: gracefully shutting down
2025/06/08 17:48:57 [notice] 29#29: gracefully shutting down
2025/06/08 17:48:57 [notice] 34#34: gracefully shutting down
2025/06/08 17:48:57 [notice] 33#33: gracefully shutting down
2025/06/08 17:48:57 [notice] 32#32: exiting
2025/06/08 17:48:57 [notice] 35#35: gracefully shutting down
2025/06/08 17:48:57 [notice] 36#36: gracefully shutting down
2025/06/08 17:48:57 [notice] 31#31: exiting
2025/06/08 17:48:57 [notice] 31#31: exit
2025/06/08 17:48:57 [notice] 30#30: exiting
2025/06/08 17:48:57 [notice] 29#29: exiting
2025/06/08 17:48:57 [notice] 29#29: exit
2025/06/08 17:48:57 [notice] 34#34: exiting
2025/06/08 17:48:57 [notice] 32#32: exit
2025/06/08 17:48:57 [notice] 33#33: exiting
2025/06/08 17:48:57 [notice] 35#35: exiting
2025/06/08 17:48:57 [notice] 36#36: exiting
2025/06/08 17:48:57 [notice] 30#30: exit
2025/06/08 17:48:57 [notice] 34#34: exit
2025/06/08 17:48:57 [notice] 33#33: exit
2025/06/08 17:48:57 [notice] 35#35: exit
2025/06/08 17:48:57 [notice] 36#36: exit
2025/06/08 17:48:57 [notice] 1#1: signal 17 (SIGCHLD) received from 32
2025/06/08 17:48:57 [notice] 1#1: worker process 32 exited with code 0
2025/06/08 17:48:57 [notice] 1#1: worker process 29 exited with code 0
2025/06/08 17:48:57 [notice] 1#1: worker process 30 exited with code 0
2025/06/08 17:48:57 [notice] 1#1: worker process 31 exited with code 0
2025/06/08 17:48:57 [notice] 1#1: worker process 33 exited with code 0
2025/06/08 17:48:57 [notice] 1#1: worker process 34 exited with code 0
2025/06/08 17:48:57 [notice] 1#1: signal 29 (SIGIO) received
2025/06/08 17:48:57 [notice] 1#1: signal 17 (SIGCHLD) received from 29
2025/06/08 17:48:57 [notice] 1#1: worker process 35 exited with code 0
2025/06/08 17:48:57 [notice] 1#1: worker process 36 exited with code 0
2025/06/08 17:48:57 [notice] 1#1: exit
2025/06/08 17:58:53 [notice] 1#1: using the "epoll" event method
2025/06/08 17:58:53 [notice] 1#1: nginx/1.27.5
2025/06/08 17:58:53 [notice] 1#1: built by gcc 14.2.0 (Alpine 14.2.0) 
2025/06/08 17:58:53 [notice] 1#1: OS: Linux 6.6.26-linuxkit
2025/06/08 17:58:53 [notice] 1#1: getrlimit(RLIMIT_NOFILE): 1048576:1048576
2025/06/08 17:58:53 [notice] 1#1: start worker processes
2025/06/08 17:58:53 [notice] 1#1: start worker process 29
2025/06/08 17:58:53 [notice] 1#1: start worker process 30
2025/06/08 17:58:53 [notice] 1#1: start worker process 31
2025/06/08 17:58:53 [notice] 1#1: start worker process 32
2025/06/08 17:58:53 [notice] 1#1: start worker process 33
2025/06/08 17:58:53 [notice] 1#1: start worker process 34
2025/06/08 17:58:53 [notice] 1#1: start worker process 35
2025/06/08 17:58:53 [notice] 1#1: start worker process 36
2025/06/08 19:18:10 [notice] 1#1: signal 3 (SIGQUIT) received, shutting down
2025/06/08 19:18:10 [notice] 29#29: gracefully shutting down
2025/06/08 19:18:10 [notice] 34#34: gracefully shutting down
2025/06/08 19:18:10 [notice] 30#30: gracefully shutting down
2025/06/08 19:18:10 [notice] 32#32: gracefully shutting down
2025/06/08 19:18:10 [notice] 31#31: gracefully shutting down
2025/06/08 19:18:10 [notice] 35#35: gracefully shutting down
2025/06/08 19:18:10 [notice] 33#33: gracefully shutting down
2025/06/08 19:18:10 [notice] 36#36: gracefully shutting down
2025/06/08 19:18:10 [notice] 30#30: exiting
2025/06/08 19:18:10 [notice] 34#34: exiting
2025/06/08 19:18:10 [notice] 35#35: exiting
2025/06/08 19:18:10 [notice] 32#32: exiting
2025/06/08 19:18:10 [notice] 34#34: exit
2025/06/08 19:18:10 [notice] 31#31: exiting
2025/06/08 19:18:10 [notice] 29#29: exiting
2025/06/08 19:18:10 [notice] 36#36: exiting
2025/06/08 19:18:10 [notice] 33#33: exiting
2025/06/08 19:18:10 [notice] 35#35: exit
2025/06/08 19:18:10 [notice] 30#30: exit
2025/06/08 19:18:10 [notice] 31#31: exit
2025/06/08 19:18:10 [notice] 32#32: exit
2025/06/08 19:18:10 [notice] 29#29: exit
2025/06/08 19:18:10 [notice] 36#36: exit
2025/06/08 19:18:10 [notice] 33#33: exit
2025/06/08 19:18:10 [notice] 1#1: signal 17 (SIGCHLD) received from 30
2025/06/08 19:18:10 [notice] 1#1: worker process 30 exited with code 0
2025/06/08 19:18:10 [notice] 1#1: worker process 29 exited with code 0
2025/06/08 19:18:10 [notice] 1#1: worker process 31 exited with code 0
2025/06/08 19:18:10 [notice] 1#1: worker process 33 exited with code 0
2025/06/08 19:18:10 [notice] 1#1: worker process 35 exited with code 0
2025/06/08 19:18:10 [notice] 1#1: worker process 36 exited with code 0
2025/06/08 19:18:10 [notice] 1#1: signal 29 (SIGIO) received
2025/06/08 19:18:10 [notice] 1#1: signal 17 (SIGCHLD) received from 35
2025/06/08 19:18:10 [notice] 1#1: signal 17 (SIGCHLD) received from 34
2025/06/08 19:18:10 [notice] 1#1: worker process 34 exited with code 0
2025/06/08 19:18:10 [notice] 1#1: signal 29 (SIGIO) received
2025/06/08 19:18:10 [notice] 1#1: signal 17 (SIGCHLD) received from 32
2025/06/08 19:18:10 [notice] 1#1: worker process 32 exited with code 0
2025/06/08 19:18:10 [notice] 1#1: exit
2025/06/08 19:18:59 [notice] 1#1: using the "epoll" event method
2025/06/08 19:18:59 [notice] 1#1: nginx/1.27.5
2025/06/08 19:18:59 [notice] 1#1: built by gcc 14.2.0 (Alpine 14.2.0) 
2025/06/08 19:18:59 [notice] 1#1: OS: Linux 6.6.26-linuxkit
2025/06/08 19:18:59 [notice] 1#1: getrlimit(RLIMIT_NOFILE): 1048576:1048576
2025/06/08 19:18:59 [notice] 1#1: start worker processes
2025/06/08 19:18:59 [notice] 1#1: start worker process 29
2025/06/08 19:18:59 [notice] 1#1: start worker process 30
2025/06/08 19:18:59 [notice] 1#1: start worker process 31
2025/06/08 19:18:59 [notice] 1#1: start worker process 32
2025/06/08 19:18:59 [notice] 1#1: start worker process 33
2025/06/08 19:18:59 [notice] 1#1: start worker process 34
2025/06/08 19:18:59 [notice] 1#1: start worker process 35
2025/06/08 19:18:59 [notice] 1#1: start worker process 36
2025/06/08 19:26:19 [notice] 1#1: signal 3 (SIGQUIT) received, shutting down
2025/06/08 19:26:19 [notice] 29#29: gracefully shutting down
2025/06/08 19:26:19 [notice] 36#36: gracefully shutting down
2025/06/08 19:26:19 [notice] 33#33: gracefully shutting down
2025/06/08 19:26:19 [notice] 34#34: gracefully shutting down
2025/06/08 19:26:19 [notice] 30#30: gracefully shutting down
2025/06/08 19:26:19 [notice] 31#31: gracefully shutting down
2025/06/08 19:26:19 [notice] 32#32: gracefully shutting down
2025/06/08 19:26:19 [notice] 35#35: gracefully shutting down
2025/06/08 19:26:19 [notice] 29#29: exiting
2025/06/08 19:26:19 [notice] 36#36: exiting
2025/06/08 19:26:19 [notice] 33#33: exiting
2025/06/08 19:26:19 [notice] 34#34: exiting
2025/06/08 19:26:19 [notice] 30#30: exiting
2025/06/08 19:26:19 [notice] 31#31: exiting
2025/06/08 19:26:19 [notice] 32#32: exiting
2025/06/08 19:26:19 [notice] 35#35: exiting
2025/06/08 19:26:19 [notice] 29#29: exit
2025/06/08 19:26:19 [notice] 36#36: exit
2025/06/08 19:26:19 [notice] 33#33: exit
2025/06/08 19:26:19 [notice] 34#34: exit
2025/06/08 19:26:19 [notice] 30#30: exit
2025/06/08 19:26:19 [notice] 31#31: exit
2025/06/08 19:26:19 [notice] 32#32: exit
2025/06/08 19:26:19 [notice] 35#35: exit
2025/06/08 19:26:19 [notice] 1#1: signal 17 (SIGCHLD) received from 29
2025/06/08 19:26:19 [notice] 1#1: worker process 29 exited with code 0
2025/06/08 19:26:19 [notice] 1#1: signal 29 (SIGIO) received
2025/06/08 19:26:19 [notice] 1#1: signal 17 (SIGCHLD) received from 33
2025/06/08 19:26:19 [notice] 1#1: worker process 30 exited with code 0
2025/06/08 19:26:19 [notice] 1#1: worker process 32 exited with code 0
2025/06/08 19:26:19 [notice] 1#1: worker process 33 exited with code 0
2025/06/08 19:26:19 [notice] 1#1: worker process 36 exited with code 0
2025/06/08 19:26:19 [notice] 1#1: signal 29 (SIGIO) received
2025/06/08 19:26:19 [notice] 1#1: signal 17 (SIGCHLD) received from 36
2025/06/08 19:26:19 [notice] 1#1: signal 17 (SIGCHLD) received from 34
2025/06/08 19:26:19 [notice] 1#1: worker process 31 exited with code 0
2025/06/08 19:26:19 [notice] 1#1: worker process 34 exited with code 0
2025/06/08 19:26:19 [notice] 1#1: signal 29 (SIGIO) received
2025/06/08 19:26:19 [notice] 1#1: signal 17 (SIGCHLD) received from 31
2025/06/08 19:26:19 [notice] 1#1: signal 17 (SIGCHLD) received from 35
2025/06/08 19:26:19 [notice] 1#1: worker process 35 exited with code 0
2025/06/08 19:26:19 [notice] 1#1: exit
2025/06/08 19:26:39 [notice] 1#1: using the "epoll" event method
2025/06/08 19:26:39 [notice] 1#1: nginx/1.27.5
2025/06/08 19:26:39 [notice] 1#1: built by gcc 14.2.0 (Alpine 14.2.0) 
2025/06/08 19:26:39 [notice] 1#1: OS: Linux 6.6.26-linuxkit
2025/06/08 19:26:39 [notice] 1#1: getrlimit(RLIMIT_NOFILE): 1048576:1048576
2025/06/08 19:26:39 [notice] 1#1: start worker processes
2025/06/08 19:26:39 [notice] 1#1: start worker process 29
2025/06/08 19:26:39 [notice] 1#1: start worker process 30
2025/06/08 19:26:39 [notice] 1#1: start worker process 31
2025/06/08 19:26:39 [notice] 1#1: start worker process 32
2025/06/08 19:26:39 [notice] 1#1: start worker process 33
2025/06/08 19:26:39 [notice] 1#1: start worker process 34
2025/06/08 19:26:39 [notice] 1#1: start worker process 35
2025/06/08 19:26:39 [notice] 1#1: start worker process 36
2025/06/09 03:25:00 [notice] 1#1: signal 3 (SIGQUIT) received, shutting down
2025/06/09 03:25:00 [notice] 29#29: gracefully shutting down
2025/06/09 03:25:00 [notice] 30#30: gracefully shutting down
2025/06/09 03:25:00 [notice] 36#36: gracefully shutting down
2025/06/09 03:25:00 [notice] 32#32: gracefully shutting down
2025/06/09 03:25:00 [notice] 31#31: gracefully shutting down
2025/06/09 03:25:00 [notice] 34#34: gracefully shutting down
2025/06/09 03:25:00 [notice] 33#33: gracefully shutting down
2025/06/09 03:25:00 [notice] 35#35: gracefully shutting down
2025/06/09 03:25:00 [notice] 30#30: exiting
2025/06/09 03:25:00 [notice] 29#29: exiting
2025/06/09 03:25:00 [notice] 34#34: exiting
2025/06/09 03:25:00 [notice] 36#36: exiting
2025/06/09 03:25:00 [notice] 35#35: exiting
2025/06/09 03:25:00 [notice] 32#32: exiting
2025/06/09 03:25:00 [notice] 31#31: exiting
2025/06/09 03:25:00 [notice] 33#33: exiting
2025/06/09 03:25:00 [notice] 34#34: exit
2025/06/09 03:25:00 [notice] 30#30: exit
2025/06/09 03:25:00 [notice] 29#29: exit
2025/06/09 03:25:00 [notice] 36#36: exit
2025/06/09 03:25:00 [notice] 35#35: exit
2025/06/09 03:25:00 [notice] 32#32: exit
2025/06/09 03:25:00 [notice] 31#31: exit
2025/06/09 03:25:00 [notice] 33#33: exit
2025/06/09 03:25:00 [notice] 1#1: signal 17 (SIGCHLD) received from 36
2025/06/09 03:25:00 [notice] 1#1: worker process 30 exited with code 0
2025/06/09 03:25:00 [notice] 1#1: worker process 29 exited with code 0
2025/06/09 03:25:00 [notice] 1#1: worker process 31 exited with code 0
2025/06/09 03:25:00 [notice] 1#1: worker process 32 exited with code 0
2025/06/09 03:25:00 [notice] 1#1: worker process 33 exited with code 0
2025/06/09 03:25:00 [notice] 1#1: worker process 34 exited with code 0
2025/06/09 03:25:00 [notice] 1#1: worker process 36 exited with code 0
2025/06/09 03:25:00 [notice] 1#1: signal 29 (SIGIO) received
2025/06/09 03:25:00 [notice] 1#1: signal 17 (SIGCHLD) received from 33
2025/06/09 03:25:00 [notice] 1#1: signal 17 (SIGCHLD) received from 35
2025/06/09 03:25:00 [notice] 1#1: worker process 35 exited with code 0
2025/06/09 03:25:00 [notice] 1#1: exit
2025/06/09 03:30:57 [notice] 1#1: using the "epoll" event method
2025/06/09 03:30:57 [notice] 1#1: nginx/1.27.5
2025/06/09 03:30:57 [notice] 1#1: built by gcc 14.2.0 (Alpine 14.2.0) 
2025/06/09 03:30:57 [notice] 1#1: OS: Linux 6.6.26-linuxkit
2025/06/09 03:30:57 [notice] 1#1: getrlimit(RLIMIT_NOFILE): 1048576:1048576
2025/06/09 03:30:57 [notice] 1#1: start worker processes
2025/06/09 03:30:57 [notice] 1#1: start worker process 29
2025/06/09 03:30:57 [notice] 1#1: start worker process 30
2025/06/09 03:30:57 [notice] 1#1: start worker process 31
2025/06/09 03:30:57 [notice] 1#1: start worker process 32
2025/06/09 03:30:57 [notice] 1#1: start worker process 33
2025/06/09 03:30:57 [notice] 1#1: start worker process 34
2025/06/09 03:30:57 [notice] 1#1: start worker process 35
2025/06/09 03:30:57 [notice] 1#1: start worker process 36
2025/06/09 04:13:12 [warn] 34#34: *1028 a client request body is buffered to a temporary file /var/cache/nginx/client_temp/0000000001, client: 192.168.65.1, server: , request: "POST /admin/product/store HTTP/1.1", host: "localhost:8080", referrer: "http://localhost:8080/admin/product/add"
2025/06/09 04:14:00 [warn] 34#34: *1053 a client request body is buffered to a temporary file /var/cache/nginx/client_temp/0000000002, client: 192.168.65.1, server: , request: "POST /admin/settings HTTP/1.1", host: "localhost:8080", referrer: "http://localhost:8080/admin/settings"
2025/06/09 04:21:37 [notice] 1#1: signal 3 (SIGQUIT) received, shutting down
2025/06/09 04:21:37 [notice] 34#34: gracefully shutting down
2025/06/09 04:21:37 [notice] 35#35: gracefully shutting down
2025/06/09 04:21:37 [notice] 29#29: gracefully shutting down
2025/06/09 04:21:37 [notice] 32#32: gracefully shutting down
2025/06/09 04:21:37 [notice] 33#33: gracefully shutting down
2025/06/09 04:21:37 [notice] 36#36: gracefully shutting down
2025/06/09 04:21:37 [notice] 31#31: gracefully shutting down
2025/06/09 04:21:37 [notice] 30#30: gracefully shutting down
2025/06/09 04:21:37 [notice] 34#34: exiting
2025/06/09 04:21:37 [notice] 29#29: exiting
2025/06/09 04:21:37 [notice] 35#35: exiting
2025/06/09 04:21:37 [notice] 34#34: exit
2025/06/09 04:21:37 [notice] 33#33: exiting
2025/06/09 04:21:37 [notice] 35#35: exit
2025/06/09 04:21:37 [notice] 32#32: exiting
2025/06/09 04:21:37 [notice] 36#36: exiting
2025/06/09 04:21:37 [notice] 31#31: exiting
2025/06/09 04:21:37 [notice] 29#29: exit
2025/06/09 04:21:37 [notice] 30#30: exiting
2025/06/09 04:21:37 [notice] 33#33: exit
2025/06/09 04:21:37 [notice] 32#32: exit
2025/06/09 04:21:37 [notice] 36#36: exit
2025/06/09 04:21:37 [notice] 31#31: exit
2025/06/09 04:21:37 [notice] 30#30: exit
2025/06/09 04:21:37 [notice] 1#1: signal 17 (SIGCHLD) received from 36
2025/06/09 04:21:37 [notice] 1#1: worker process 36 exited with code 0
2025/06/09 04:21:37 [notice] 1#1: signal 29 (SIGIO) received
2025/06/09 04:21:37 [notice] 1#1: signal 17 (SIGCHLD) received from 34
2025/06/09 04:21:37 [notice] 1#1: worker process 30 exited with code 0
2025/06/09 04:21:37 [notice] 1#1: worker process 29 exited with code 0
2025/06/09 04:21:37 [notice] 1#1: worker process 31 exited with code 0
2025/06/09 04:21:37 [notice] 1#1: worker process 32 exited with code 0
2025/06/09 04:21:37 [notice] 1#1: worker process 33 exited with code 0
2025/06/09 04:21:37 [notice] 1#1: worker process 34 exited with code 0
2025/06/09 04:21:37 [notice] 1#1: worker process 35 exited with code 0
2025/06/09 04:21:37 [notice] 1#1: exit
2025/06/09 04:21:38 [notice] 1#1: using the "epoll" event method
2025/06/09 04:21:38 [notice] 1#1: nginx/1.27.5
2025/06/09 04:21:38 [notice] 1#1: built by gcc 14.2.0 (Alpine 14.2.0) 
2025/06/09 04:21:38 [notice] 1#1: OS: Linux 6.6.26-linuxkit
2025/06/09 04:21:38 [notice] 1#1: getrlimit(RLIMIT_NOFILE): 1048576:1048576
2025/06/09 04:21:38 [notice] 1#1: start worker processes
2025/06/09 04:21:38 [notice] 1#1: start worker process 29
2025/06/09 04:21:38 [notice] 1#1: start worker process 30
2025/06/09 04:21:38 [notice] 1#1: start worker process 31
2025/06/09 04:21:38 [notice] 1#1: start worker process 32
2025/06/09 04:21:38 [notice] 1#1: start worker process 33
2025/06/09 04:21:38 [notice] 1#1: start worker process 34
2025/06/09 04:21:38 [notice] 1#1: start worker process 35
2025/06/09 04:21:38 [notice] 1#1: start worker process 36
2025/06/09 04:21:43 [notice] 37#37: signal process started
2025/06/09 04:21:43 [notice] 1#1: signal 1 (SIGHUP) received from 37, reconfiguring
2025/06/09 04:21:43 [notice] 1#1: reconfiguring
2025/06/09 04:21:43 [notice] 1#1: using the "epoll" event method
2025/06/09 04:21:43 [notice] 1#1: start worker processes
2025/06/09 04:21:43 [notice] 1#1: start worker process 43
2025/06/09 04:21:43 [notice] 1#1: start worker process 44
2025/06/09 04:21:43 [notice] 1#1: start worker process 45
2025/06/09 04:21:43 [notice] 1#1: start worker process 46
2025/06/09 04:21:43 [notice] 1#1: start worker process 47
2025/06/09 04:21:43 [notice] 1#1: start worker process 48
2025/06/09 04:21:43 [notice] 1#1: start worker process 49
2025/06/09 04:21:43 [notice] 1#1: start worker process 50
2025/06/09 04:21:43 [notice] 30#30: gracefully shutting down
2025/06/09 04:21:43 [notice] 29#29: gracefully shutting down
2025/06/09 04:21:43 [notice] 35#35: gracefully shutting down
2025/06/09 04:21:43 [notice] 31#31: gracefully shutting down
2025/06/09 04:21:43 [notice] 34#34: gracefully shutting down
2025/06/09 04:21:43 [notice] 33#33: gracefully shutting down
2025/06/09 04:21:43 [notice] 36#36: gracefully shutting down
2025/06/09 04:21:43 [notice] 34#34: exiting
2025/06/09 04:21:43 [notice] 32#32: gracefully shutting down
2025/06/09 04:21:43 [notice] 30#30: exiting
2025/06/09 04:21:43 [notice] 29#29: exiting
2025/06/09 04:21:43 [notice] 35#35: exiting
2025/06/09 04:21:43 [notice] 31#31: exiting
2025/06/09 04:21:43 [notice] 34#34: exit
2025/06/09 04:21:43 [notice] 29#29: exit
2025/06/09 04:21:43 [notice] 33#33: exiting
2025/06/09 04:21:43 [notice] 30#30: exit
2025/06/09 04:21:43 [notice] 33#33: exit
2025/06/09 04:21:43 [notice] 36#36: exiting
2025/06/09 04:21:43 [notice] 35#35: exit
2025/06/09 04:21:43 [notice] 32#32: exiting
2025/06/09 04:21:43 [notice] 31#31: exit
2025/06/09 04:21:43 [notice] 36#36: exit
2025/06/09 04:21:43 [notice] 32#32: exit
2025/06/09 04:21:43 [notice] 1#1: signal 17 (SIGCHLD) received from 29
2025/06/09 04:21:43 [notice] 1#1: worker process 29 exited with code 0
2025/06/09 04:21:43 [notice] 1#1: worker process 30 exited with code 0
2025/06/09 04:21:43 [notice] 1#1: worker process 34 exited with code 0
2025/06/09 04:21:43 [notice] 1#1: signal 29 (SIGIO) received
2025/06/09 04:21:43 [notice] 1#1: signal 17 (SIGCHLD) received from 33
2025/06/09 04:21:43 [notice] 1#1: worker process 31 exited with code 0
2025/06/09 04:21:43 [notice] 1#1: worker process 32 exited with code 0
2025/06/09 04:21:43 [notice] 1#1: worker process 33 exited with code 0
2025/06/09 04:21:43 [notice] 1#1: signal 29 (SIGIO) received
2025/06/09 04:21:43 [notice] 1#1: signal 17 (SIGCHLD) received from 31
2025/06/09 04:21:43 [notice] 1#1: worker process 35 exited with code 0
2025/06/09 04:21:43 [notice] 1#1: signal 29 (SIGIO) received
2025/06/09 04:21:43 [notice] 1#1: signal 17 (SIGCHLD) received from 36
2025/06/09 04:21:43 [notice] 1#1: worker process 36 exited with code 0
2025/06/09 04:21:43 [notice] 1#1: signal 29 (SIGIO) received
2025/06/09 05:17:02 [notice] 1#1: signal 3 (SIGQUIT) received, shutting down
2025/06/09 05:17:02 [notice] 47#47: gracefully shutting down
2025/06/09 05:17:02 [notice] 46#46: gracefully shutting down
2025/06/09 05:17:02 [notice] 49#49: gracefully shutting down
2025/06/09 05:17:02 [notice] 44#44: gracefully shutting down
2025/06/09 05:17:02 [notice] 48#48: gracefully shutting down
2025/06/09 05:17:02 [notice] 45#45: gracefully shutting down
2025/06/09 05:17:02 [notice] 43#43: gracefully shutting down
2025/06/09 05:17:02 [notice] 50#50: gracefully shutting down
2025/06/09 05:17:02 [notice] 46#46: exiting
2025/06/09 05:17:02 [notice] 49#49: exiting
2025/06/09 05:17:02 [notice] 43#43: exiting
2025/06/09 05:17:02 [notice] 43#43: exit
2025/06/09 05:17:02 [notice] 46#46: exit
2025/06/09 05:17:02 [notice] 47#47: exiting
2025/06/09 05:17:02 [notice] 49#49: exit
2025/06/09 05:17:02 [notice] 45#45: exiting
2025/06/09 05:17:02 [notice] 44#44: exiting
2025/06/09 05:17:02 [notice] 48#48: exiting
2025/06/09 05:17:02 [notice] 47#47: exit
2025/06/09 05:17:02 [notice] 45#45: exit
2025/06/09 05:17:02 [notice] 44#44: exit
2025/06/09 05:17:02 [notice] 50#50: exiting
2025/06/09 05:17:02 [notice] 50#50: exit
2025/06/09 05:17:02 [notice] 48#48: exit
2025/06/09 05:17:02 [notice] 1#1: signal 17 (SIGCHLD) received from 50
2025/06/09 05:17:02 [notice] 1#1: worker process 43 exited with code 0
2025/06/09 05:17:02 [notice] 1#1: worker process 45 exited with code 0
2025/06/09 05:17:02 [notice] 1#1: worker process 46 exited with code 0
2025/06/09 05:17:02 [notice] 1#1: worker process 47 exited with code 0
2025/06/09 05:17:02 [notice] 1#1: worker process 48 exited with code 0
2025/06/09 05:17:02 [notice] 1#1: worker process 50 exited with code 0
2025/06/09 05:17:02 [notice] 1#1: signal 29 (SIGIO) received
2025/06/09 05:17:02 [notice] 1#1: signal 17 (SIGCHLD) received from 43
2025/06/09 05:17:02 [notice] 1#1: worker process 49 exited with code 0
2025/06/09 05:17:02 [notice] 1#1: signal 29 (SIGIO) received
2025/06/09 05:17:02 [notice] 1#1: signal 17 (SIGCHLD) received from 44
2025/06/09 05:17:02 [notice] 1#1: worker process 44 exited with code 0
2025/06/09 05:17:02 [notice] 1#1: exit
2025/06/09 08:00:52 [notice] 1#1: using the "epoll" event method
2025/06/09 08:00:52 [notice] 1#1: nginx/1.27.5
2025/06/09 08:00:52 [notice] 1#1: built by gcc 14.2.0 (Alpine 14.2.0) 
2025/06/09 08:00:52 [notice] 1#1: OS: Linux 6.6.26-linuxkit
2025/06/09 08:00:52 [notice] 1#1: getrlimit(RLIMIT_NOFILE): 1048576:1048576
2025/06/09 08:00:52 [notice] 1#1: start worker processes
2025/06/09 08:00:52 [notice] 1#1: start worker process 28
2025/06/09 08:00:52 [notice] 1#1: start worker process 29
2025/06/09 08:00:52 [notice] 1#1: start worker process 30
2025/06/09 08:00:52 [notice] 1#1: start worker process 31
2025/06/09 08:00:52 [notice] 1#1: start worker process 32
2025/06/09 08:00:52 [notice] 1#1: start worker process 33
2025/06/09 08:00:52 [notice] 1#1: start worker process 34
2025/06/09 08:00:52 [notice] 1#1: start worker process 35
2025/06/09 09:13:47 [notice] 1#1: signal 3 (SIGQUIT) received, shutting down
2025/06/09 09:13:47 [notice] 30#30: gracefully shutting down
2025/06/09 09:13:47 [notice] 31#31: gracefully shutting down
2025/06/09 09:13:47 [notice] 28#28: gracefully shutting down
2025/06/09 09:13:47 [notice] 30#30: exiting
2025/06/09 09:13:47 [notice] 29#29: gracefully shutting down
2025/06/09 09:13:47 [notice] 32#32: gracefully shutting down
2025/06/09 09:13:47 [notice] 33#33: gracefully shutting down
2025/06/09 09:13:47 [notice] 34#34: gracefully shutting down
2025/06/09 09:13:47 [notice] 33#33: exiting
2025/06/09 09:13:47 [notice] 35#35: gracefully shutting down
2025/06/09 09:13:47 [notice] 31#31: exiting
2025/06/09 09:13:47 [notice] 28#28: exiting
2025/06/09 09:13:47 [notice] 30#30: exit
2025/06/09 09:13:47 [notice] 32#32: exiting
2025/06/09 09:13:47 [notice] 33#33: exit
2025/06/09 09:13:47 [notice] 29#29: exiting
2025/06/09 09:13:47 [notice] 28#28: exit
2025/06/09 09:13:47 [notice] 31#31: exit
2025/06/09 09:13:47 [notice] 34#34: exiting
2025/06/09 09:13:47 [notice] 34#34: exit
2025/06/09 09:13:47 [notice] 32#32: exit
2025/06/09 09:13:47 [notice] 29#29: exit
2025/06/09 09:13:47 [notice] 35#35: exiting
2025/06/09 09:13:47 [notice] 35#35: exit
2025/06/09 09:13:47 [notice] 1#1: signal 17 (SIGCHLD) received from 34
2025/06/09 09:13:47 [notice] 1#1: worker process 29 exited with code 0
2025/06/09 09:13:47 [notice] 1#1: worker process 34 exited with code 0
2025/06/09 09:13:47 [notice] 1#1: signal 29 (SIGIO) received
2025/06/09 09:13:47 [notice] 1#1: signal 17 (SIGCHLD) received from 29
2025/06/09 09:13:47 [notice] 1#1: signal 17 (SIGCHLD) received from 35
2025/06/09 09:13:47 [notice] 1#1: worker process 28 exited with code 0
2025/06/09 09:13:47 [notice] 1#1: worker process 30 exited with code 0
2025/06/09 09:13:47 [notice] 1#1: worker process 31 exited with code 0
2025/06/09 09:13:47 [notice] 1#1: worker process 32 exited with code 0
2025/06/09 09:13:47 [notice] 1#1: worker process 33 exited with code 0
2025/06/09 09:13:47 [notice] 1#1: worker process 35 exited with code 0
2025/06/09 09:13:47 [notice] 1#1: exit
2025/06/09 09:14:13 [notice] 1#1: using the "epoll" event method
2025/06/09 09:14:13 [notice] 1#1: nginx/1.27.5
2025/06/09 09:14:13 [notice] 1#1: built by gcc 14.2.0 (Alpine 14.2.0) 
2025/06/09 09:14:13 [notice] 1#1: OS: Linux 6.6.26-linuxkit
2025/06/09 09:14:13 [notice] 1#1: getrlimit(RLIMIT_NOFILE): 1048576:1048576
2025/06/09 09:14:13 [notice] 1#1: start worker processes
2025/06/09 09:14:13 [notice] 1#1: start worker process 29
2025/06/09 09:14:13 [notice] 1#1: start worker process 30
2025/06/09 09:14:13 [notice] 1#1: start worker process 31
2025/06/09 09:14:13 [notice] 1#1: start worker process 32
2025/06/09 09:14:13 [notice] 1#1: start worker process 33
2025/06/09 09:14:13 [notice] 1#1: start worker process 34
2025/06/09 09:14:13 [notice] 1#1: start worker process 35
2025/06/09 09:14:13 [notice] 1#1: start worker process 36
2025/06/09 09:38:19 [notice] 1#1: signal 3 (SIGQUIT) received, shutting down
2025/06/09 09:38:19 [notice] 29#29: gracefully shutting down
2025/06/09 09:38:19 [notice] 36#36: gracefully shutting down
2025/06/09 09:38:19 [notice] 30#30: gracefully shutting down
2025/06/09 09:38:19 [notice] 31#31: gracefully shutting down
2025/06/09 09:38:19 [notice] 32#32: gracefully shutting down
2025/06/09 09:38:19 [notice] 33#33: gracefully shutting down
2025/06/09 09:38:19 [notice] 35#35: gracefully shutting down
2025/06/09 09:38:19 [notice] 34#34: gracefully shutting down
2025/06/09 09:38:19 [notice] 36#36: exiting
2025/06/09 09:38:19 [notice] 30#30: exiting
2025/06/09 09:38:19 [notice] 29#29: exiting
2025/06/09 09:38:19 [notice] 31#31: exiting
2025/06/09 09:38:19 [notice] 32#32: exiting
2025/06/09 09:38:19 [notice] 33#33: exiting
2025/06/09 09:38:19 [notice] 35#35: exiting
2025/06/09 09:38:19 [notice] 30#30: exit
2025/06/09 09:38:19 [notice] 36#36: exit
2025/06/09 09:38:19 [notice] 29#29: exit
2025/06/09 09:38:19 [notice] 34#34: exiting
2025/06/09 09:38:19 [notice] 34#34: exit
2025/06/09 09:38:19 [notice] 33#33: exit
2025/06/09 09:38:19 [notice] 32#32: exit
2025/06/09 09:38:19 [notice] 31#31: exit
2025/06/09 09:38:19 [notice] 35#35: exit
2025/06/09 09:38:19 [notice] 1#1: signal 17 (SIGCHLD) received from 36
2025/06/09 09:38:19 [notice] 1#1: worker process 29 exited with code 0
2025/06/09 09:38:19 [notice] 1#1: worker process 31 exited with code 0
2025/06/09 09:38:19 [notice] 1#1: worker process 32 exited with code 0
2025/06/09 09:38:19 [notice] 1#1: worker process 33 exited with code 0
2025/06/09 09:38:19 [notice] 1#1: worker process 34 exited with code 0
2025/06/09 09:38:19 [notice] 1#1: worker process 35 exited with code 0
2025/06/09 09:38:19 [notice] 1#1: worker process 36 exited with code 0
2025/06/09 09:38:19 [notice] 1#1: signal 29 (SIGIO) received
2025/06/09 09:38:19 [notice] 1#1: signal 17 (SIGCHLD) received from 31
2025/06/09 09:38:19 [notice] 1#1: signal 17 (SIGCHLD) received from 30
2025/06/09 09:38:19 [notice] 1#1: worker process 30 exited with code 0
2025/06/09 09:38:19 [notice] 1#1: exit
2025/06/09 09:38:23 [notice] 1#1: using the "epoll" event method
2025/06/09 09:38:23 [notice] 1#1: nginx/1.27.5
2025/06/09 09:38:23 [notice] 1#1: built by gcc 14.2.0 (Alpine 14.2.0) 
2025/06/09 09:38:23 [notice] 1#1: OS: Linux 6.6.26-linuxkit
2025/06/09 09:38:23 [notice] 1#1: getrlimit(RLIMIT_NOFILE): 1048576:1048576
2025/06/09 09:38:23 [notice] 1#1: start worker processes
2025/06/09 09:38:23 [notice] 1#1: start worker process 29
2025/06/09 09:38:23 [notice] 1#1: start worker process 30
2025/06/09 09:38:23 [notice] 1#1: start worker process 31
2025/06/09 09:38:23 [notice] 1#1: start worker process 32
2025/06/09 09:38:23 [notice] 1#1: start worker process 33
2025/06/09 09:38:23 [notice] 1#1: start worker process 34
2025/06/09 09:38:23 [notice] 1#1: start worker process 35
2025/06/09 09:38:23 [notice] 1#1: start worker process 36
2025/06/09 09:48:16 [notice] 1#1: signal 3 (SIGQUIT) received, shutting down
2025/06/09 09:48:16 [notice] 32#32: gracefully shutting down
2025/06/09 09:48:16 [notice] 35#35: gracefully shutting down
2025/06/09 09:48:16 [notice] 33#33: gracefully shutting down
2025/06/09 09:48:16 [notice] 36#36: gracefully shutting down
2025/06/09 09:48:16 [notice] 30#30: gracefully shutting down
2025/06/09 09:48:16 [notice] 31#31: gracefully shutting down
2025/06/09 09:48:16 [notice] 35#35: exiting
2025/06/09 09:48:16 [notice] 32#32: exiting
2025/06/09 09:48:16 [notice] 34#34: gracefully shutting down
2025/06/09 09:48:16 [notice] 29#29: gracefully shutting down
2025/06/09 09:48:16 [notice] 33#33: exiting
2025/06/09 09:48:16 [notice] 30#30: exiting
2025/06/09 09:48:16 [notice] 34#34: exiting
2025/06/09 09:48:16 [notice] 29#29: exiting
2025/06/09 09:48:16 [notice] 36#36: exiting
2025/06/09 09:48:16 [notice] 31#31: exiting
2025/06/09 09:48:16 [notice] 34#34: exit
2025/06/09 09:48:16 [notice] 32#32: exit
2025/06/09 09:48:16 [notice] 30#30: exit
2025/06/09 09:48:16 [notice] 35#35: exit
2025/06/09 09:48:16 [notice] 33#33: exit
2025/06/09 09:48:16 [notice] 29#29: exit
2025/06/09 09:48:16 [notice] 31#31: exit
2025/06/09 09:48:16 [notice] 36#36: exit
2025/06/09 09:48:16 [notice] 1#1: signal 17 (SIGCHLD) received from 36
2025/06/09 09:48:16 [notice] 1#1: worker process 31 exited with code 0
2025/06/09 09:48:16 [notice] 1#1: worker process 36 exited with code 0
2025/06/09 09:48:16 [notice] 1#1: signal 29 (SIGIO) received
2025/06/09 09:48:16 [notice] 1#1: signal 17 (SIGCHLD) received from 33
2025/06/09 09:48:16 [notice] 1#1: worker process 29 exited with code 0
2025/06/09 09:48:16 [notice] 1#1: worker process 32 exited with code 0
2025/06/09 09:48:16 [notice] 1#1: worker process 33 exited with code 0
2025/06/09 09:48:16 [notice] 1#1: worker process 34 exited with code 0
2025/06/09 09:48:16 [notice] 1#1: worker process 35 exited with code 0
2025/06/09 09:48:16 [notice] 1#1: signal 29 (SIGIO) received
2025/06/09 09:48:16 [notice] 1#1: signal 17 (SIGCHLD) received from 32
2025/06/09 09:48:16 [notice] 1#1: worker process 30 exited with code 0
2025/06/09 09:48:16 [notice] 1#1: exit
2025/06/09 09:48:43 [notice] 1#1: using the "epoll" event method
2025/06/09 09:48:43 [notice] 1#1: nginx/1.27.5
2025/06/09 09:48:43 [notice] 1#1: built by gcc 14.2.0 (Alpine 14.2.0) 
2025/06/09 09:48:43 [notice] 1#1: OS: Linux 6.6.26-linuxkit
2025/06/09 09:48:43 [notice] 1#1: getrlimit(RLIMIT_NOFILE): 1048576:1048576
2025/06/09 09:48:43 [notice] 1#1: start worker processes
2025/06/09 09:48:43 [notice] 1#1: start worker process 29
2025/06/09 09:48:43 [notice] 1#1: start worker process 30
2025/06/09 09:48:43 [notice] 1#1: start worker process 31
2025/06/09 09:48:43 [notice] 1#1: start worker process 32
2025/06/09 09:48:43 [notice] 1#1: start worker process 33
2025/06/09 09:48:43 [notice] 1#1: start worker process 34
2025/06/09 09:48:43 [notice] 1#1: start worker process 35
2025/06/09 09:48:43 [notice] 1#1: start worker process 36
2025/06/09 12:39:55 [notice] 1#1: signal 3 (SIGQUIT) received, shutting down
2025/06/09 12:39:55 [notice] 30#30: gracefully shutting down
2025/06/09 12:39:55 [notice] 33#33: gracefully shutting down
2025/06/09 12:39:55 [notice] 31#31: gracefully shutting down
2025/06/09 12:39:55 [notice] 29#29: gracefully shutting down
2025/06/09 12:39:55 [notice] 32#32: gracefully shutting down
2025/06/09 12:39:55 [notice] 36#36: gracefully shutting down
2025/06/09 12:39:55 [notice] 32#32: exiting
2025/06/09 12:39:55 [notice] 35#35: gracefully shutting down
2025/06/09 12:39:55 [notice] 34#34: gracefully shutting down
2025/06/09 12:39:55 [notice] 31#31: exiting
2025/06/09 12:39:55 [notice] 36#36: exiting
2025/06/09 12:39:55 [notice] 33#33: exiting
2025/06/09 12:39:55 [notice] 30#30: exiting
2025/06/09 12:39:55 [notice] 29#29: exiting
2025/06/09 12:39:55 [notice] 30#30: exit
2025/06/09 12:39:55 [notice] 32#32: exit
2025/06/09 12:39:55 [notice] 33#33: exit
2025/06/09 12:39:55 [notice] 36#36: exit
2025/06/09 12:39:55 [notice] 31#31: exit
2025/06/09 12:39:55 [notice] 29#29: exit
2025/06/09 12:39:55 [notice] 34#34: exiting
2025/06/09 12:39:55 [notice] 35#35: exiting
2025/06/09 12:39:55 [notice] 35#35: exit
2025/06/09 12:39:55 [notice] 34#34: exit
2025/06/09 12:39:55 [notice] 1#1: signal 17 (SIGCHLD) received from 31
2025/06/09 12:39:55 [notice] 1#1: worker process 31 exited with code 0
2025/06/09 12:39:55 [notice] 1#1: worker process 33 exited with code 0
2025/06/09 12:39:55 [notice] 1#1: worker process 36 exited with code 0
2025/06/09 12:39:55 [notice] 1#1: signal 29 (SIGIO) received
2025/06/09 12:39:55 [notice] 1#1: signal 17 (SIGCHLD) received from 36
2025/06/09 12:39:55 [notice] 1#1: signal 17 (SIGCHLD) received from 35
2025/06/09 12:39:55 [notice] 1#1: worker process 29 exited with code 0
2025/06/09 12:39:55 [notice] 1#1: worker process 30 exited with code 0
2025/06/09 12:39:55 [notice] 1#1: worker process 32 exited with code 0
2025/06/09 12:39:55 [notice] 1#1: worker process 34 exited with code 0
2025/06/09 12:39:55 [notice] 1#1: worker process 35 exited with code 0
2025/06/09 12:39:55 [notice] 1#1: exit
2025/06/09 12:40:12 [notice] 1#1: using the "epoll" event method
2025/06/09 12:40:12 [notice] 1#1: nginx/1.27.5
2025/06/09 12:40:12 [notice] 1#1: built by gcc 14.2.0 (Alpine 14.2.0) 
2025/06/09 12:40:12 [notice] 1#1: OS: Linux 6.6.26-linuxkit
2025/06/09 12:40:12 [notice] 1#1: getrlimit(RLIMIT_NOFILE): 1048576:1048576
2025/06/09 12:40:12 [notice] 1#1: start worker processes
2025/06/09 12:40:12 [notice] 1#1: start worker process 29
2025/06/09 12:40:12 [notice] 1#1: start worker process 30
2025/06/09 12:40:12 [notice] 1#1: start worker process 31
2025/06/09 12:40:12 [notice] 1#1: start worker process 32
2025/06/09 12:40:12 [notice] 1#1: start worker process 33
2025/06/09 12:40:12 [notice] 1#1: start worker process 34
2025/06/09 12:40:12 [notice] 1#1: start worker process 35
2025/06/09 12:40:12 [notice] 1#1: start worker process 36
2025/06/09 12:46:38 [notice] 1#1: signal 3 (SIGQUIT) received, shutting down
2025/06/09 12:46:38 [notice] 30#30: gracefully shutting down
2025/06/09 12:46:38 [notice] 35#35: gracefully shutting down
2025/06/09 12:46:38 [notice] 29#29: gracefully shutting down
2025/06/09 12:46:38 [notice] 33#33: gracefully shutting down
2025/06/09 12:46:38 [notice] 31#31: gracefully shutting down
2025/06/09 12:46:38 [notice] 33#33: exiting
2025/06/09 12:46:38 [notice] 32#32: gracefully shutting down
2025/06/09 12:46:38 [notice] 34#34: gracefully shutting down
2025/06/09 12:46:38 [notice] 36#36: gracefully shutting down
2025/06/09 12:46:38 [notice] 32#32: exiting
2025/06/09 12:46:38 [notice] 35#35: exiting
2025/06/09 12:46:38 [notice] 30#30: exiting
2025/06/09 12:46:38 [notice] 29#29: exiting
2025/06/09 12:46:38 [notice] 35#35: exit
2025/06/09 12:46:38 [notice] 31#31: exiting
2025/06/09 12:46:38 [notice] 34#34: exiting
2025/06/09 12:46:38 [notice] 34#34: exit
2025/06/09 12:46:38 [notice] 33#33: exit
2025/06/09 12:46:38 [notice] 32#32: exit
2025/06/09 12:46:38 [notice] 30#30: exit
2025/06/09 12:46:38 [notice] 29#29: exit
2025/06/09 12:46:38 [notice] 36#36: exiting
2025/06/09 12:46:38 [notice] 31#31: exit
2025/06/09 12:46:38 [notice] 36#36: exit
2025/06/09 12:46:38 [notice] 1#1: signal 17 (SIGCHLD) received from 35
2025/06/09 12:46:38 [notice] 1#1: worker process 32 exited with code 0
2025/06/09 12:46:38 [notice] 1#1: worker process 35 exited with code 0
2025/06/09 12:46:38 [notice] 1#1: signal 29 (SIGIO) received
2025/06/09 12:46:38 [notice] 1#1: signal 17 (SIGCHLD) received from 36
2025/06/09 12:46:38 [notice] 1#1: worker process 29 exited with code 0
2025/06/09 12:46:38 [notice] 1#1: worker process 30 exited with code 0
2025/06/09 12:46:38 [notice] 1#1: worker process 31 exited with code 0
2025/06/09 12:46:38 [notice] 1#1: worker process 33 exited with code 0
2025/06/09 12:46:38 [notice] 1#1: worker process 34 exited with code 0
2025/06/09 12:46:38 [notice] 1#1: worker process 36 exited with code 0
2025/06/09 12:46:38 [notice] 1#1: exit
2025/06/09 12:46:41 [notice] 1#1: using the "epoll" event method
2025/06/09 12:46:41 [notice] 1#1: nginx/1.27.5
2025/06/09 12:46:41 [notice] 1#1: built by gcc 14.2.0 (Alpine 14.2.0) 
2025/06/09 12:46:41 [notice] 1#1: OS: Linux 6.6.26-linuxkit
2025/06/09 12:46:41 [notice] 1#1: getrlimit(RLIMIT_NOFILE): 1048576:1048576
2025/06/09 12:46:41 [notice] 1#1: start worker processes
2025/06/09 12:46:41 [notice] 1#1: start worker process 29
2025/06/09 12:46:41 [notice] 1#1: start worker process 30
2025/06/09 12:46:41 [notice] 1#1: start worker process 31
2025/06/09 12:46:41 [notice] 1#1: start worker process 32
2025/06/09 12:46:41 [notice] 1#1: start worker process 33
2025/06/09 12:46:41 [notice] 1#1: start worker process 34
2025/06/09 12:46:41 [notice] 1#1: start worker process 35
2025/06/09 12:46:41 [notice] 1#1: start worker process 36
2025/06/09 12:48:56 [notice] 1#1: signal 3 (SIGQUIT) received, shutting down
2025/06/09 12:48:56 [notice] 30#30: gracefully shutting down
2025/06/09 12:48:56 [notice] 32#32: gracefully shutting down
2025/06/09 12:48:56 [notice] 29#29: gracefully shutting down
2025/06/09 12:48:56 [notice] 33#33: gracefully shutting down
2025/06/09 12:48:56 [notice] 35#35: gracefully shutting down
2025/06/09 12:48:56 [notice] 31#31: gracefully shutting down
2025/06/09 12:48:56 [notice] 34#34: gracefully shutting down
2025/06/09 12:48:56 [notice] 32#32: exiting
2025/06/09 12:48:56 [notice] 36#36: gracefully shutting down
2025/06/09 12:48:56 [notice] 33#33: exiting
2025/06/09 12:48:56 [notice] 35#35: exiting
2025/06/09 12:48:56 [notice] 30#30: exiting
2025/06/09 12:48:56 [notice] 29#29: exiting
2025/06/09 12:48:56 [notice] 35#35: exit
2025/06/09 12:48:56 [notice] 34#34: exiting
2025/06/09 12:48:56 [notice] 31#31: exiting
2025/06/09 12:48:56 [notice] 36#36: exiting
2025/06/09 12:48:56 [notice] 32#32: exit
2025/06/09 12:48:56 [notice] 33#33: exit
2025/06/09 12:48:56 [notice] 30#30: exit
2025/06/09 12:48:56 [notice] 29#29: exit
2025/06/09 12:48:56 [notice] 34#34: exit
2025/06/09 12:48:56 [notice] 31#31: exit
2025/06/09 12:48:56 [notice] 36#36: exit
2025/06/09 12:48:56 [notice] 1#1: signal 17 (SIGCHLD) received from 33
2025/06/09 12:48:56 [notice] 1#1: worker process 33 exited with code 0
2025/06/09 12:48:56 [notice] 1#1: signal 29 (SIGIO) received
2025/06/09 12:48:56 [notice] 1#1: signal 17 (SIGCHLD) received from 35
2025/06/09 12:48:56 [notice] 1#1: worker process 30 exited with code 0
2025/06/09 12:48:56 [notice] 1#1: worker process 31 exited with code 0
2025/06/09 12:48:56 [notice] 1#1: worker process 32 exited with code 0
2025/06/09 12:48:56 [notice] 1#1: worker process 34 exited with code 0
2025/06/09 12:48:56 [notice] 1#1: worker process 35 exited with code 0
2025/06/09 12:48:56 [notice] 1#1: worker process 36 exited with code 0
2025/06/09 12:48:56 [notice] 1#1: signal 17 (SIGCHLD) received from 31
2025/06/09 12:48:56 [notice] 1#1: worker process 29 exited with code 0
2025/06/09 12:48:56 [notice] 1#1: exit
2025/06/09 12:48:58 [notice] 1#1: using the "epoll" event method
2025/06/09 12:48:58 [notice] 1#1: nginx/1.27.5
2025/06/09 12:48:58 [notice] 1#1: built by gcc 14.2.0 (Alpine 14.2.0) 
2025/06/09 12:48:58 [notice] 1#1: OS: Linux 6.6.26-linuxkit
2025/06/09 12:48:58 [notice] 1#1: getrlimit(RLIMIT_NOFILE): 1048576:1048576
2025/06/09 12:48:58 [notice] 1#1: start worker processes
2025/06/09 12:48:58 [notice] 1#1: start worker process 28
2025/06/09 12:48:58 [notice] 1#1: start worker process 29
2025/06/09 12:48:58 [notice] 1#1: start worker process 30
2025/06/09 12:48:58 [notice] 1#1: start worker process 31
2025/06/09 12:48:58 [notice] 1#1: start worker process 32
2025/06/09 12:48:58 [notice] 1#1: start worker process 33
2025/06/09 12:48:58 [notice] 1#1: start worker process 34
2025/06/09 12:48:58 [notice] 1#1: start worker process 35
